{"logTime": "1210/112534", "correlationVector":"I3FcrQfrKr2rzCT3DYbmNx.1","action":"SyncServerConnectionManagerRequest", "result":"SYNC_SERVER_OK", "context":{"environment":"Prod_southeastasia_prod-s01-064-apac-southeastasia", "migrationStage":"NotStarted", "server":"akswtt00300000q"}}
{"logTime": "1210/112535", "correlationVector":"o9b3K1lQPADhKSE3xeyhPW","action":"SyncServerConnectionManagerRequest", "result":"SYNC_SERVER_OK", "context":{"environment":"", "migrationStage":"", "server":""}}
{"logTime": "1210/112535", "correlationVector":"I3FcrQfrKr2rzCT3DYbmNx","action":"Initial GetUpdates", "result":"", "context":Reason: NEW_CLIENT. cV=I3FcrQfrKr2rzCT3DYbmNx}
{"logTime": "1210/112535", "correlationVector":"I3FcrQfrKr2rzCT3DYbmNx.2","action":"GetUpdates Response", "result":"Success", "context":Received 1 update(s). cV=I3FcrQfrKr2rzCT3DYbmNx.0;server=akswtt00300000q;cloudType=Consumer;environment=Prod_southeastasia_prod-s01-064-apac-southeastasia;migrationStage=NotStarted}
{"logTime": "1210/112535", "correlationVector":"VV4KC93I513jUF9uO/7jCz","action":"Initial GetUpdates", "result":"", "context":Reason: NEWLY_SUPPORTED_DATATYPE. cV=VV4KC93I513jUF9uO/7jCz}
{"logTime": "1210/112536", "correlationVector":"VV4KC93I513jUF9uO/7jCz.1","action":"SyncServerConnectionManagerRequest", "result":"SYNC_SERVER_OK", "context":{"environment":"Prod_southeastasia_prod-s01-064-apac-southeastasia", "migrationStage":"NotStarted", "server":"akswtt00300001w"}}
{"logTime": "1210/112536", "correlationVector":"VV4KC93I513jUF9uO/7jCz.2","action":"GetUpdates Response", "result":"Success", "context":Received 41 update(s). cV=VV4KC93I513jUF9uO/7jCz.0;server=akswtt00300001w;cloudType=Consumer;environment=Prod_southeastasia_prod-s01-064-apac-southeastasia;migrationStage=NotStarted}
{"logTime": "1210/112536", "correlationVector":"RE1OeYEuK0l7taF4DGq5xR","action":"Initial GetUpdates", "result":"", "context":Reason: NEWLY_SUPPORTED_DATATYPE. cV=RE1OeYEuK0l7taF4DGq5xR}
{"logTime": "1210/112537", "correlationVector":"RE1OeYEuK0l7taF4DGq5xR.1","action":"SyncServerConnectionManagerRequest", "result":"SYNC_SERVER_OK", "context":{"environment":"Prod_southeastasia_prod-s01-064-apac-southeastasia", "migrationStage":"NotStarted", "server":"akswtt00300002e"}}
{"logTime": "1210/112537", "correlationVector":"RE1OeYEuK0l7taF4DGq5xR.2","action":"GetUpdates Response", "result":"Success", "context":Received 5 update(s). cV=RE1OeYEuK0l7taF4DGq5xR.0;server=akswtt00300002e;cloudType=Consumer;environment=Prod_southeastasia_prod-s01-064-apac-southeastasia;migrationStage=NotStarted}
{"logTime": "1210/112537", "correlationVector":"rsqWFDPPSzjVa3ofRrU2Gt","action":"Initial GetUpdates", "result":"", "context":Reason: NEWLY_SUPPORTED_DATATYPE. cV=rsqWFDPPSzjVa3ofRrU2Gt}
{"logTime": "1210/112537", "correlationVector":"rsqWFDPPSzjVa3ofRrU2Gt.1","action":"SyncServerConnectionManagerRequest", "result":"SYNC_SERVER_OK", "context":{"environment":"Prod_southeastasia_prod-s01-064-apac-southeastasia", "migrationStage":"NotStarted", "server":"akswtt00300000r"}}
{"logTime": "1210/112537", "correlationVector":"rsqWFDPPSzjVa3ofRrU2Gt.2","action":"GetUpdates", "result":"DeleteReceived", "context":{"id":"dcdcd0c4-5312-497f-b9fc-c7bdc9fc8447", "isDeleted:":"true", "version":"1727848768632"}}
{"logTime": "1210/112537", "correlationVector":"rsqWFDPPSzjVa3ofRrU2Gt.3","action":"GetUpdates", "result":"DeleteReceived", "context":{"id":"77d21921-cbfc-4209-9f31-164002783eef", "isDeleted:":"true", "version":"1728449237234"}}
{"logTime": "1210/112537", "correlationVector":"rsqWFDPPSzjVa3ofRrU2Gt.4","action":"GetUpdates", "result":"DeleteReceived", "context":{"id":"f2b2ec1a-ab46-4985-9548-f741efc0aac9", "isDeleted:":"true", "version":"1728449237235"}}
{"logTime": "1210/112537", "correlationVector":"rsqWFDPPSzjVa3ofRrU2Gt.5","action":"GetUpdates", "result":"DeleteReceived", "context":{"id":"e5119fd5-aa99-457e-9a03-613b7e810a1b", "isDeleted:":"true", "version":"1729660887250"}}
{"logTime": "1210/112537", "correlationVector":"rsqWFDPPSzjVa3ofRrU2Gt.6","action":"GetUpdates", "result":"DeleteReceived", "context":{"id":"06d151aa-2d44-4e3d-a630-cdb1eaa972fb", "isDeleted:":"true", "version":"1729662297260"}}
{"logTime": "1210/112537", "correlationVector":"rsqWFDPPSzjVa3ofRrU2Gt.7","action":"GetUpdates", "result":"DeleteReceived", "context":{"id":"5191cce4-3778-4aae-bbe2-6dbbf4431e3d", "isDeleted:":"true", "version":"1730265868652"}}
{"logTime": "1210/112537", "correlationVector":"rsqWFDPPSzjVa3ofRrU2Gt.8","action":"GetUpdates", "result":"DeleteReceived", "context":{"id":"b45e43cb-e3ae-412e-8a1b-13fd31277718", "isDeleted:":"true", "version":"1730871004851"}}
{"logTime": "1210/112537", "correlationVector":"rsqWFDPPSzjVa3ofRrU2Gt.9","action":"GetUpdates", "result":"DeleteReceived", "context":{"id":"7b04277f-e959-4534-8a61-e90cf7afa250", "isDeleted:":"true", "version":"1730872356492"}}
{"logTime": "1210/112537", "correlationVector":"rsqWFDPPSzjVa3ofRrU2Gt.10","action":"GetUpdates", "result":"DeleteReceived", "context":{"id":"82e029ea-eeae-4c56-89cb-9c40163298ba", "isDeleted:":"true", "version":"1730872356493"}}
{"logTime": "1210/112537", "correlationVector":"rsqWFDPPSzjVa3ofRrU2Gt.11","action":"GetUpdates", "result":"DeleteReceived", "context":{"id":"417282b1-2024-4e6d-9009-adc905132484", "isDeleted:":"true", "version":"1730872901975"}}
{"logTime": "1210/112537", "correlationVector":"rsqWFDPPSzjVa3ofRrU2Gt.12","action":"GetUpdates", "result":"DeleteReceived", "context":{"id":"5398f329-7df2-4fce-bb38-c627af0fa2f7", "isDeleted:":"true", "version":"1731475162155"}}
{"logTime": "1210/112537", "correlationVector":"rsqWFDPPSzjVa3ofRrU2Gt.13","action":"GetUpdates", "result":"DeleteReceived", "context":{"id":"37b82cd6-d27d-4eb1-99ba-1dc82e6cbcda", "isDeleted:":"true", "version":"1733814978670"}}
{"logTime": "1210/112537", "correlationVector":"rsqWFDPPSzjVa3ofRrU2Gt.14","action":"GetUpdates", "result":"DeleteReceived", "context":{"id":"8c52b430-002a-4a30-9c0a-59ac198c4318", "isDeleted:":"true", "version":"1733823282468"}}
{"logTime": "1210/112537", "correlationVector":"rsqWFDPPSzjVa3ofRrU2Gt.15","action":"GetUpdates", "result":"DeleteReceived", "context":{"id":"a9880d66-302a-4714-b073-e6a913462b2c", "isDeleted:":"true", "version":"1733823862710"}}
{"logTime": "1210/112537", "correlationVector":"rsqWFDPPSzjVa3ofRrU2Gt.16","action":"GetUpdates", "result":"DeleteReceived", "context":{"id":"39d151f7-1051-4edf-90ef-eb0536ab204c", "isDeleted:":"true", "version":"1733824001634"}}
{"logTime": "1210/112537", "correlationVector":"rsqWFDPPSzjVa3ofRrU2Gt.17","action":"GetUpdates Response", "result":"Success", "context":Received 18 update(s). cV=rsqWFDPPSzjVa3ofRrU2Gt.0;server=akswtt00300000r;cloudType=Consumer;environment=Prod_southeastasia_prod-s01-064-apac-southeastasia;migrationStage=NotStarted}
{"logTime": "1210/112537", "correlationVector":"pCefQBf32dFFMk5pdO0ifA","action":"Normal GetUpdate request", "result":"", "context":cV=pCefQBf32dFFMk5pdO0ifA
Nudged types: Sessions, Device Info, User Consents
Refresh requested types: Bookmarks, Preferences, Passwords, Autofill Profiles, Autofill, Typed URLs, Extensions, Sessions, Extension settings, History Delete Directives, Device Info, User Consents, Send Tab To Self, Web Apps, Collection, Edge E Drop, Edge Hub App Usage, Edge Tab Group, Edge Wallet, Encryption Keys}
{"logTime": "1210/112538", "correlationVector":"pCefQBf32dFFMk5pdO0ifA.1","action":"SyncServerConnectionManagerRequest", "result":"SYNC_SERVER_OK", "context":{"environment":"Prod_southeastasia_prod-s01-064-apac-southeastasia", "migrationStage":"NotStarted", "server":"akswtt00300002v"}}
{"logTime": "1210/112538", "correlationVector":"pCefQBf32dFFMk5pdO0ifA.2","action":"GetUpdates Response", "result":"Success", "context":Received 0 update(s). cV=pCefQBf32dFFMk5pdO0ifA.0;server=akswtt00300002v;cloudType=Consumer;environment=Prod_southeastasia_prod-s01-064-apac-southeastasia;migrationStage=NotStarted}
{"logTime": "1210/112538", "correlationVector":"CUH5v6cwXvfr/YJEkU73Ac","action":"DoCompareDataConsistency requsted types: ", "result":"Bookmarks, Preferences, Passwords, Typed URLs, Extensions, Extension settings, History Delete Directives, Send Tab To Self, Web Apps, Collection, Edge E Drop, Edge Tab Group, Edge Wallet, Encryption Keys"}
{"logTime": "1210/112538", "correlationVector":"CUH5v6cwXvfr/YJEkU73Ac.0","action":"CompareDataConsistency result: ", "result":"Compare result: Encryption Keys is consistent. local entities count is: 1 local entities hash is: V+tHjkoVJStLkO07XjGORRgcdK4="}
{"logTime": "1210/112538", "correlationVector":"CUH5v6cwXvfr/YJEkU73Ac.1","action":"CompareDataConsistency result: ", "result":"Compare result: Bookmarks is consistent. local entities count is: 3 local entities hash is: DjGppd2OzQVnPToO7KT+5r58fLk="}
{"logTime": "1210/112538", "correlationVector":"CUH5v6cwXvfr/YJEkU73Ac.2","action":"CompareDataConsistency result: ", "result":"Compare result: Preferences is consistent. local entities count is: 28 local entities hash is: A73x4OZsNvR6CJ9Kt1RPpzZaaqo="}
{"logTime": "1210/112538", "correlationVector":"CUH5v6cwXvfr/YJEkU73Ac.3","action":"CompareDataConsistency result: ", "result":"Server did not send this Typed URLs local entities count is: 0 local entities hash is: "}
{"logTime": "1210/112538", "correlationVector":"CUH5v6cwXvfr/YJEkU73Ac.4","action":"CompareDataConsistency result: ", "result":"Compare result: Extensions is consistent. local entities count is: 0 local entities hash is: "}
{"logTime": "1210/112538", "correlationVector":"CUH5v6cwXvfr/YJEkU73Ac.5","action":"CompareDataConsistency result: ", "result":"Compare result: Extension settings is consistent. local entities count is: 0 local entities hash is: "}
{"logTime": "1210/112538", "correlationVector":"CUH5v6cwXvfr/YJEkU73Ac.6","action":"CompareDataConsistency result: ", "result":"Compare result: History Delete Directives is consistent. local entities count is: 0 local entities hash is: "}
{"logTime": "1210/112538", "correlationVector":"CUH5v6cwXvfr/YJEkU73Ac.7","action":"CompareDataConsistency result: ", "result":"Server did not send this Send Tab To Self local entities count is: 0 local entities hash is: "}
{"logTime": "1210/112538", "correlationVector":"CUH5v6cwXvfr/YJEkU73Ac.8","action":"CompareDataConsistency result: ", "result":"Compare result: Web Apps is consistent. local entities count is: 0 local entities hash is: "}
{"logTime": "1210/112538", "correlationVector":"CUH5v6cwXvfr/YJEkU73Ac.9","action":"CompareDataConsistency result: ", "result":"Compare result: Collection is consistent. local entities count is: 0 local entities hash is: "}
{"logTime": "1210/112538", "correlationVector":"CUH5v6cwXvfr/YJEkU73Ac.10","action":"CompareDataConsistency result: ", "result":"Compare result: Edge E Drop is consistent. local entities count is: 0 local entities hash is: "}
{"logTime": "1210/112538", "correlationVector":"CUH5v6cwXvfr/YJEkU73Ac.11","action":"CompareDataConsistency result: ", "result":"Compare result: Edge Tab Group is consistent. local entities count is: 0 local entities hash is: "}
{"logTime": "1210/112538", "correlationVector":"CUH5v6cwXvfr/YJEkU73Ac.12","action":"CompareDataConsistency result: ", "result":"Compare result: Edge Wallet is consistent. local entities count is: 0 local entities hash is: "}
{"logTime": "1210/112538", "correlationVector":"CUH5v6cwXvfr/YJEkU73Ac.13","action":"CompareDataConsistency result: ", "result":"Compare result: Passwords is consistent. local entities count is: 0 local entities hash is: "}
{"logTime": "1210/112538", "correlationVector":"NEm8vYPsB4j92q9EYnP+Fa","action":"Commit Request", "result":"", "context":Item count: 5
Contributing types: Sessions, Device Info, User Consents}
{"logTime": "1210/112539", "correlationVector":"NEm8vYPsB4j92q9EYnP+Fa.1","action":"SyncServerConnectionManagerRequest", "result":"SYNC_SERVER_OK", "context":{"environment":"Prod_southeastasia_prod-s01-064-apac-southeastasia", "migrationStage":"NotStarted", "server":"akswtt00300001z"}}
{"logTime": "1210/112539", "correlationVector":"NEm8vYPsB4j92q9EYnP+Fa.2","action":"Commit Response", "result":"Success", "context":Result: Success. cV=NEm8vYPsB4j92q9EYnP+Fa.0;server=akswtt00300001z;cloudType=Consumer;environment=Prod_southeastasia_prod-s01-064-apac-southeastasia;migrationStage=NotStarted}
{"logTime": "1210/112539", "correlationVector":"","action":"DIAGNOSTIC_REQUEST|v1/diagnosticData/Diagnostic.SendCheckResult()|SUCCESS", "result":""}
{"logTime": "1210/113817", "correlationVector":"g84IujQGtOEvn6/D/4juMQ.1","action":"SyncServerConnectionManagerRequest", "result":"SYNC_SERVER_OK", "context":{"environment":"Prod_southeastasia_prod-s01-064-apac-southeastasia", "migrationStage":"NotStarted", "server":"akswtt00300003a"}}
{"logTime": "1210/113821", "correlationVector":"d+iY9Ml/PltxFzI/bv7trW","action":"SyncServerConnectionManagerRequest", "result":"SYNC_SERVER_OK", "context":{"environment":"", "migrationStage":"", "server":""}}
{"logTime": "1210/113821", "correlationVector":"g84IujQGtOEvn6/D/4juMQ","action":"Initial GetUpdates", "result":"", "context":Reason: NEW_CLIENT. cV=g84IujQGtOEvn6/D/4juMQ}
{"logTime": "1210/113821", "correlationVector":"g84IujQGtOEvn6/D/4juMQ.2","action":"GetUpdates Response", "result":"Success", "context":Received 1 update(s). cV=g84IujQGtOEvn6/D/4juMQ.0;server=akswtt00300003a;cloudType=Consumer;environment=Prod_southeastasia_prod-s01-064-apac-southeastasia;migrationStage=NotStarted}
{"logTime": "1210/113821", "correlationVector":"TjX8Ba/JRIFzg/4UxSC7gF","action":"Normal GetUpdate request", "result":"", "context":cV=TjX8Ba/JRIFzg/4UxSC7gF
Nudged types: Sessions, Device Info
Refresh requested types: Bookmarks, Preferences, Passwords, Autofill Profiles, Autofill, Typed URLs, Extensions, Sessions, Extension settings, History Delete Directives, Device Info, User Consents, Send Tab To Self, Web Apps, Collection, Edge E Drop, Edge Hub App Usage, Edge Tab Group, Edge Wallet, Encryption Keys}
{"logTime": "1210/113822", "correlationVector":"TjX8Ba/JRIFzg/4UxSC7gF.1","action":"SyncServerConnectionManagerRequest", "result":"SYNC_SERVER_OK", "context":{"environment":"Prod_southeastasia_prod-s01-064-apac-southeastasia", "migrationStage":"NotStarted", "server":"akswtt00300002r"}}
{"logTime": "1210/113822", "correlationVector":"TjX8Ba/JRIFzg/4UxSC7gF.2","action":"GetUpdates Response", "result":"Success", "context":Received 3 update(s). cV=TjX8Ba/JRIFzg/4UxSC7gF.0;server=akswtt00300002r;cloudType=Consumer;environment=Prod_southeastasia_prod-s01-064-apac-southeastasia;migrationStage=NotStarted}
{"logTime": "1210/113822", "correlationVector":"zq8b7WR+UkH9wsyzF6iILW","action":"Commit Request", "result":"", "context":Item count: 4
Contributing types: Sessions, Device Info}
{"logTime": "1210/113823", "correlationVector":"zq8b7WR+UkH9wsyzF6iILW.1","action":"SyncServerConnectionManagerRequest", "result":"SYNC_SERVER_OK", "context":{"environment":"Prod_southeastasia_prod-s01-064-apac-southeastasia", "migrationStage":"NotStarted", "server":"akswtt00300000a"}}
{"logTime": "1210/113823", "correlationVector":"zq8b7WR+UkH9wsyzF6iILW.3","action":"Commit.Sessions", "result":"Success", "context":{"id":"ce5ce026-35fc-401e-97b7-795616b13196", "isDeleted":"true", "size":"0", "version":"1733829938878"}}
{"logTime": "1210/113823", "correlationVector":"zq8b7WR+UkH9wsyzF6iILW.2","action":"Commit Response", "result":"Success", "context":Result: Success. cV=zq8b7WR+UkH9wsyzF6iILW.0;server=akswtt00300000a;cloudType=Consumer;environment=Prod_southeastasia_prod-s01-064-apac-southeastasia;migrationStage=NotStarted}
{"logTime": "1210/114023", "correlationVector":"RX31wllgZ8lyGh0Jn4ddjq.1","action":"SyncServerConnectionManagerRequest", "result":"SYNC_SERVER_OK", "context":{"environment":"Prod_southeastasia_prod-s01-064-apac-southeastasia", "migrationStage":"NotStarted", "server":"akswtt00300001h"}}
{"logTime": "1210/114024", "correlationVector":"IabO7RYdliFMs/ZRU6esnh","action":"SyncServerConnectionManagerRequest", "result":"SYNC_SERVER_OK", "context":{"environment":"", "migrationStage":"", "server":""}}
{"logTime": "1210/114024", "correlationVector":"RX31wllgZ8lyGh0Jn4ddjq","action":"Initial GetUpdates", "result":"", "context":Reason: NEW_CLIENT. cV=RX31wllgZ8lyGh0Jn4ddjq}
{"logTime": "1210/114024", "correlationVector":"RX31wllgZ8lyGh0Jn4ddjq.2","action":"GetUpdates Response", "result":"Success", "context":Received 1 update(s). cV=RX31wllgZ8lyGh0Jn4ddjq.0;server=akswtt00300001h;cloudType=Consumer;environment=Prod_southeastasia_prod-s01-064-apac-southeastasia;migrationStage=NotStarted}
{"logTime": "1210/114024", "correlationVector":"F+0q0f1ni4JgRNX+tQ7T62","action":"Normal GetUpdate request", "result":"", "context":cV=F+0q0f1ni4JgRNX+tQ7T62
Nudged types: Sessions, Device Info
Refresh requested types: Bookmarks, Preferences, Passwords, Autofill Profiles, Autofill, Typed URLs, Extensions, Sessions, Extension settings, History Delete Directives, Device Info, User Consents, Send Tab To Self, Web Apps, Collection, Edge E Drop, Edge Hub App Usage, Edge Tab Group, Edge Wallet, Encryption Keys}
{"logTime": "1210/114025", "correlationVector":"F+0q0f1ni4JgRNX+tQ7T62.1","action":"SyncServerConnectionManagerRequest", "result":"SYNC_SERVER_OK", "context":{"environment":"Prod_southeastasia_prod-s01-064-apac-southeastasia", "migrationStage":"NotStarted", "server":"akswtt003000024"}}
{"logTime": "1210/114025", "correlationVector":"F+0q0f1ni4JgRNX+tQ7T62.2","action":"GetUpdates", "result":"DeleteReceived", "context":{"id":"ce5ce026-35fc-401e-97b7-795616b13196", "isDeleted:":"true", "version":"1733830702897"}}
{"logTime": "1210/114025", "correlationVector":"F+0q0f1ni4JgRNX+tQ7T62.3","action":"GetUpdates Response", "result":"Success", "context":Received 4 update(s). cV=F+0q0f1ni4JgRNX+tQ7T62.0;server=akswtt003000024;cloudType=Consumer;environment=Prod_southeastasia_prod-s01-064-apac-southeastasia;migrationStage=NotStarted}
{"logTime": "1210/114025", "correlationVector":"jxm6QY+2/4k91zrSAWKblW","action":"Commit Request", "result":"", "context":Item count: 4
Contributing types: Sessions, Device Info}
{"logTime": "1210/114026", "correlationVector":"jxm6QY+2/4k91zrSAWKblW.1","action":"SyncServerConnectionManagerRequest", "result":"SYNC_SERVER_OK", "context":{"environment":"Prod_southeastasia_prod-s01-064-apac-southeastasia", "migrationStage":"NotStarted", "server":"akswtt00300002a"}}
{"logTime": "1210/114026", "correlationVector":"jxm6QY+2/4k91zrSAWKblW.3","action":"Commit.Sessions", "result":"Success", "context":{"id":"30f4b9de-4d55-4e83-9346-adb763b675f4", "isDeleted":"true", "size":"0", "version":"1733830702898"}}
{"logTime": "1210/114026", "correlationVector":"jxm6QY+2/4k91zrSAWKblW.2","action":"Commit Response", "result":"Success", "context":Result: Success. cV=jxm6QY+2/4k91zrSAWKblW.0;server=akswtt00300002a;cloudType=Consumer;environment=Prod_southeastasia_prod-s01-064-apac-southeastasia;migrationStage=NotStarted}
